[debug] [2020-10-08T20:01:04.516Z] ----------------------------------------------------------------------
[debug] [2020-10-08T20:01:04.518Z] Command:       /usr/local/bin/node /usr/local/bin/firebase emulators:start
[debug] [2020-10-08T20:01:04.518Z] CLI Version:   8.12.0
[debug] [2020-10-08T20:01:04.518Z] Platform:      darwin
[debug] [2020-10-08T20:01:04.519Z] Node Version:  v12.18.4
[debug] [2020-10-08T20:01:04.519Z] Time:          Thu Oct 08 2020 22:01:04 GMT+0200 (South Africa Standard Time)
[debug] [2020-10-08T20:01:04.519Z] ----------------------------------------------------------------------
[debug] [2020-10-08T20:01:04.519Z] 
[debug] [2020-10-08T20:01:04.527Z] > command requires scopes: ["email","openid","https://www.googleapis.com/auth/cloudplatformprojects.readonly","https://www.googleapis.com/auth/firebase","https://www.googleapis.com/auth/cloud-platform"]
[debug] [2020-10-08T20:01:04.528Z] > authorizing via signed-in user
[info] i  emulators: Starting emulators: functions, database {"metadata":{"emulator":{"name":"hub"},"message":"Starting emulators: functions, database"}}
[debug] [2020-10-08T20:01:04.538Z] [hub] writing locator at /var/folders/6p/3qmw9yvj19x7vd3ctr4_xt9r0000gn/T/hub-mr-o-delivery-84f4e.json
[warn] ⚠  functions: The following emulators are not running, calls to these services from the Functions emulator will affect production: auth, firestore, hosting, pubsub {"metadata":{"emulator":{"name":"functions"},"message":"The following emulators are not running, calls to these services from the Functions emulator will affect production: \u001b[1mauth, firestore, hosting, pubsub\u001b[22m"}}
[warn] ⚠  Your requested "node" version "10" doesn't match your global version "12" {"metadata":{"emulator":{"name":"functions"},"message":"Your requested \"node\" version \"10\" doesn't match your global version \"12\""}}
[debug] [2020-10-08T20:01:04.549Z] defaultcredentials: writing to file /Users/mnothogumede/.config/firebase/deliverymro_gmail_com_application_default_credentials.json
[debug] [2020-10-08T20:01:04.550Z] Setting GAC to /Users/mnothogumede/.config/firebase/deliverymro_gmail_com_application_default_credentials.json {"metadata":{"emulator":{"name":"functions"},"message":"Setting GAC to /Users/mnothogumede/.config/firebase/deliverymro_gmail_com_application_default_credentials.json"}}
[debug] [2020-10-08T20:01:04.809Z] database rules config:  []
[warn] ⚠  database: Did not find a Realtime Database rules file specified in a firebase.json config file. The emulator will default to allowing all reads and writes. Learn more about this option: https://firebase.google.com/docs/emulator-suite/install_and_configure#security_rules_configuration. {"metadata":{"emulator":{"name":"database"},"message":"Did not find a Realtime Database rules file specified in a firebase.json config file. The emulator will default to allowing all reads and writes. Learn more about this option: https://firebase.google.com/docs/emulator-suite/install_and_configure#security_rules_configuration."}}
[debug] [2020-10-08T20:01:04.811Z] Ignoring unsupported arg: projectId {"metadata":{"emulator":{"name":"database"},"message":"Ignoring unsupported arg: projectId"}}
[debug] [2020-10-08T20:01:04.811Z] Ignoring unsupported arg: auto_download {"metadata":{"emulator":{"name":"database"},"message":"Ignoring unsupported arg: auto_download"}}
[debug] [2020-10-08T20:01:04.811Z] Ignoring unsupported arg: rules {"metadata":{"emulator":{"name":"database"},"message":"Ignoring unsupported arg: rules"}}
[debug] [2020-10-08T20:01:04.811Z] Starting Database Emulator with command {"binary":"java","args":["-Duser.language=en","-jar","/Users/mnothogumede/.cache/firebase/emulators/firebase-database-emulator-v4.5.0.jar","--host","localhost","--port",5002,"--functions_emulator_host","localhost","--functions_emulator_port",5001],"optionalArgs":["port","host","functions_emulator_port","functions_emulator_host"],"joinArgs":false} {"metadata":{"emulator":{"name":"database"},"message":"Starting Database Emulator with command {\"binary\":\"java\",\"args\":[\"-Duser.language=en\",\"-jar\",\"/Users/mnothogumede/.cache/firebase/emulators/firebase-database-emulator-v4.5.0.jar\",\"--host\",\"localhost\",\"--port\",5002,\"--functions_emulator_host\",\"localhost\",\"--functions_emulator_port\",5001],\"optionalArgs\":[\"port\",\"host\",\"functions_emulator_port\",\"functions_emulator_host\"],\"joinArgs\":false}"}}
[info] i  database: Database Emulator logging to database-debug.log {"metadata":{"emulator":{"name":"database"},"message":"Database Emulator logging to \u001b[1mdatabase-debug.log\u001b[22m"}}
[debug] [2020-10-08T20:01:05.322Z] WARNING: An illegal reflective access operation has occurred
WARNING: Illegal reflective access by io.netty.util.internal.ReflectionUtil (file:/Users/mnothogumede/.cache/firebase/emulators/firebase-database-emulator-v4.5.0.jar) to field sun.nio.ch.SelectorImpl.selectedKeys
WARNING: Please consider reporting this to the maintainers of io.netty.util.internal.ReflectionUtil
WARNING: Use --illegal-access=warn to enable warnings of further illegal reflective access operations
WARNING: All illegal access operations will be denied in a future release
 {"metadata":{"emulator":{"name":"database"},"message":"WARNING: An illegal reflective access operation has occurred\nWARNING: Illegal reflective access by io.netty.util.internal.ReflectionUtil (file:/Users/mnothogumede/.cache/firebase/emulators/firebase-database-emulator-v4.5.0.jar) to field sun.nio.ch.SelectorImpl.selectedKeys\nWARNING: Please consider reporting this to the maintainers of io.netty.util.internal.ReflectionUtil\nWARNING: Use --illegal-access=warn to enable warnings of further illegal reflective access operations\nWARNING: All illegal access operations will be denied in a future release\n"}}
[debug] [2020-10-08T20:01:05.929Z] 22:01:05.928 [NamespaceSystem-akka.actor.default-dispatcher-4] INFO akka.event.slf4j.Slf4jLogger - Slf4jLogger started
 {"metadata":{"emulator":{"name":"database"},"message":"22:01:05.928 [NamespaceSystem-akka.actor.default-dispatcher-4] INFO akka.event.slf4j.Slf4jLogger - Slf4jLogger started\n"}}
[debug] [2020-10-08T20:01:06.092Z] 22:01:06.092 [main] INFO com.firebase.server.forge.App$ - Listening at localhost:5002
 {"metadata":{"emulator":{"name":"database"},"message":"22:01:06.092 [main] INFO com.firebase.server.forge.App$ - Listening at localhost:5002\n"}}
[warn] ⚠  ui: Emulator UI unable to start on port 4000, starting on 4001 instead. {"metadata":{"emulator":{"name":"ui"},"message":"Emulator UI unable to start on port 4000, starting on 4001 instead."}}
[debug] [2020-10-08T20:01:06.601Z] Ignoring unsupported arg: auto_download {"metadata":{"emulator":{"name":"ui"},"message":"Ignoring unsupported arg: auto_download"}}
[debug] [2020-10-08T20:01:06.601Z] Ignoring unsupported arg: port {"metadata":{"emulator":{"name":"ui"},"message":"Ignoring unsupported arg: port"}}
[debug] [2020-10-08T20:01:06.601Z] Starting Emulator UI with command {"binary":"node","args":["/Users/mnothogumede/.cache/firebase/emulators/ui-v1.1.1/server.bundle.js"],"optionalArgs":[],"joinArgs":false} {"metadata":{"emulator":{"name":"ui"},"message":"Starting Emulator UI with command {\"binary\":\"node\",\"args\":[\"/Users/mnothogumede/.cache/firebase/emulators/ui-v1.1.1/server.bundle.js\"],\"optionalArgs\":[],\"joinArgs\":false}"}}
[info] i  ui: Emulator UI logging to ui-debug.log {"metadata":{"emulator":{"name":"ui"},"message":"Emulator UI logging to \u001b[1mui-debug.log\u001b[22m"}}
[debug] [2020-10-08T20:01:06.680Z] Web / API server started at http://localhost:4001
 {"metadata":{"emulator":{"name":"ui"},"message":"Web / API server started at http://localhost:4001\n"}}
[info] i  functions: Watching "/Users/mnothogumede/Documents/Personal/MR-O-Delivery/app/functions" for Cloud Functions... {"metadata":{"emulator":{"name":"functions"},"message":"Watching \"/Users/mnothogumede/Documents/Personal/MR-O-Delivery/app/functions\" for Cloud Functions..."}}
[debug] [2020-10-08T20:01:06.866Z] [worker-pool] addWorker(~diagnostic~) {"metadata":{"emulator":{"name":"functions"},"message":"[worker-pool] addWorker(~diagnostic~)"}}
[debug] [2020-10-08T20:01:06.867Z] [worker-pool] Adding worker with key ~diagnostic~, total=1 {"metadata":{"emulator":{"name":"functions"},"message":"[worker-pool] Adding worker with key ~diagnostic~, total=1"}}
[debug] [2020-10-08T20:01:06.867Z] [worker-pool] submitWork(triggerId=) {"metadata":{"emulator":{"name":"functions"},"message":"[worker-pool] submitWork(triggerId=)"}}
[debug] [2020-10-08T20:01:06.867Z] [worker-~diagnostic~-d28fdc43-2fa5-4b6d-a0f1-eb9462c12842]: Assigning socketPath: /var/folders/6p/3qmw9yvj19x7vd3ctr4_xt9r0000gn/T/fire_emu_56323.sock {"metadata":{"emulator":{"name":"functions"},"message":"[worker-~diagnostic~-d28fdc43-2fa5-4b6d-a0f1-eb9462c12842]: Assigning socketPath: /var/folders/6p/3qmw9yvj19x7vd3ctr4_xt9r0000gn/T/fire_emu_56323.sock"}}
[debug] [2020-10-08T20:01:06.867Z] [worker-~diagnostic~-d28fdc43-2fa5-4b6d-a0f1-eb9462c12842]: BUSY {"metadata":{"emulator":{"name":"functions"},"message":"[worker-~diagnostic~-d28fdc43-2fa5-4b6d-a0f1-eb9462c12842]: BUSY"}}
[debug] [2020-10-08T20:01:07.067Z] [runtime-status] [56323] Functions runtime initialized. {"cwd":"/Users/mnothogumede/Documents/Personal/MR-O-Delivery/app/functions","node_version":"12.18.4"} {"metadata":{"emulator":{"name":"functions"},"message":"[runtime-status] [56323] Functions runtime initialized. {\"cwd\":\"/Users/mnothogumede/Documents/Personal/MR-O-Delivery/app/functions\",\"node_version\":\"12.18.4\"}"}}
[debug] [2020-10-08T20:01:07.068Z] [runtime-status] [56323] Disabled runtime features: undefined {"metadata":{"emulator":{"name":"functions"},"message":"[runtime-status] [56323] Disabled runtime features: undefined"}}
[debug] [2020-10-08T20:01:07.070Z] [runtime-status] [56323] Resolved module firebase-admin {"declared":true,"installed":true,"version":"8.13.0","resolution":"/Users/mnothogumede/Documents/Personal/MR-O-Delivery/app/functions/node_modules/firebase-admin/lib/index.js"} {"metadata":{"emulator":{"name":"functions"},"message":"[runtime-status] [56323] Resolved module firebase-admin {\"declared\":true,\"installed\":true,\"version\":\"8.13.0\",\"resolution\":\"/Users/mnothogumede/Documents/Personal/MR-O-Delivery/app/functions/node_modules/firebase-admin/lib/index.js\"}"}}
[debug] [2020-10-08T20:01:07.073Z] [runtime-status] [56323] Resolved module firebase-functions {"declared":true,"installed":true,"version":"3.11.0","resolution":"/Users/mnothogumede/Documents/Personal/MR-O-Delivery/app/functions/node_modules/firebase-functions/lib/index.js"} {"metadata":{"emulator":{"name":"functions"},"message":"[runtime-status] [56323] Resolved module firebase-functions {\"declared\":true,\"installed\":true,\"version\":\"3.11.0\",\"resolution\":\"/Users/mnothogumede/Documents/Personal/MR-O-Delivery/app/functions/node_modules/firebase-functions/lib/index.js\"}"}}
[debug] [2020-10-08T20:01:07.073Z] [runtime-status] [56323] Resolved module firebase-functions {"declared":true,"installed":true,"version":"3.11.0","resolution":"/Users/mnothogumede/Documents/Personal/MR-O-Delivery/app/functions/node_modules/firebase-functions/lib/index.js"} {"metadata":{"emulator":{"name":"functions"},"message":"[runtime-status] [56323] Resolved module firebase-functions {\"declared\":true,\"installed\":true,\"version\":\"3.11.0\",\"resolution\":\"/Users/mnothogumede/Documents/Personal/MR-O-Delivery/app/functions/node_modules/firebase-functions/lib/index.js\"}"}}
[debug] [2020-10-08T20:01:07.075Z] [runtime-status] [56323] Outgoing network have been stubbed. [{"name":"http","status":"mocked"},{"name":"http","status":"mocked"},{"name":"https","status":"mocked"},{"name":"https","status":"mocked"},{"name":"net","status":"mocked"}] {"metadata":{"emulator":{"name":"functions"},"message":"[runtime-status] [56323] Outgoing network have been stubbed. [{\"name\":\"http\",\"status\":\"mocked\"},{\"name\":\"http\",\"status\":\"mocked\"},{\"name\":\"https\",\"status\":\"mocked\"},{\"name\":\"https\",\"status\":\"mocked\"},{\"name\":\"net\",\"status\":\"mocked\"}]"}}
[debug] [2020-10-08T20:01:07.075Z] [runtime-status] [56323] Resolved module firebase-functions {"declared":true,"installed":true,"version":"3.11.0","resolution":"/Users/mnothogumede/Documents/Personal/MR-O-Delivery/app/functions/node_modules/firebase-functions/lib/index.js"} {"metadata":{"emulator":{"name":"functions"},"message":"[runtime-status] [56323] Resolved module firebase-functions {\"declared\":true,\"installed\":true,\"version\":\"3.11.0\",\"resolution\":\"/Users/mnothogumede/Documents/Personal/MR-O-Delivery/app/functions/node_modules/firebase-functions/lib/index.js\"}"}}
[debug] [2020-10-08T20:01:07.128Z] [runtime-status] [56323] Checked functions.config() {"config":{}} {"metadata":{"emulator":{"name":"functions"},"message":"[runtime-status] [56323] Checked functions.config() {\"config\":{}}"}}
[debug] [2020-10-08T20:01:07.129Z] [runtime-status] [56323] firebase-functions has been stubbed. {"functionsResolution":{"declared":true,"installed":true,"version":"3.11.0","resolution":"/Users/mnothogumede/Documents/Personal/MR-O-Delivery/app/functions/node_modules/firebase-functions/lib/index.js"}} {"metadata":{"emulator":{"name":"functions"},"message":"[runtime-status] [56323] firebase-functions has been stubbed. {\"functionsResolution\":{\"declared\":true,\"installed\":true,\"version\":\"3.11.0\",\"resolution\":\"/Users/mnothogumede/Documents/Personal/MR-O-Delivery/app/functions/node_modules/firebase-functions/lib/index.js\"}}"}}
[debug] [2020-10-08T20:01:07.129Z] [runtime-status] [56323] Resolved module firebase-functions {"declared":true,"installed":true,"version":"3.11.0","resolution":"/Users/mnothogumede/Documents/Personal/MR-O-Delivery/app/functions/node_modules/firebase-functions/lib/index.js"} {"metadata":{"emulator":{"name":"functions"},"message":"[runtime-status] [56323] Resolved module firebase-functions {\"declared\":true,\"installed\":true,\"version\":\"3.11.0\",\"resolution\":\"/Users/mnothogumede/Documents/Personal/MR-O-Delivery/app/functions/node_modules/firebase-functions/lib/index.js\"}"}}
[debug] [2020-10-08T20:01:07.130Z] [runtime-status] [56323] Resolved module firebase-admin {"declared":true,"installed":true,"version":"8.13.0","resolution":"/Users/mnothogumede/Documents/Personal/MR-O-Delivery/app/functions/node_modules/firebase-admin/lib/index.js"} {"metadata":{"emulator":{"name":"functions"},"message":"[runtime-status] [56323] Resolved module firebase-admin {\"declared\":true,\"installed\":true,\"version\":\"8.13.0\",\"resolution\":\"/Users/mnothogumede/Documents/Personal/MR-O-Delivery/app/functions/node_modules/firebase-admin/lib/index.js\"}"}}
[debug] [2020-10-08T20:01:07.130Z] [runtime-status] [56323] Resolved module firebase-functions {"declared":true,"installed":true,"version":"3.11.0","resolution":"/Users/mnothogumede/Documents/Personal/MR-O-Delivery/app/functions/node_modules/firebase-functions/lib/index.js"} {"metadata":{"emulator":{"name":"functions"},"message":"[runtime-status] [56323] Resolved module firebase-functions {\"declared\":true,\"installed\":true,\"version\":\"3.11.0\",\"resolution\":\"/Users/mnothogumede/Documents/Personal/MR-O-Delivery/app/functions/node_modules/firebase-functions/lib/index.js\"}"}}
[debug] [2020-10-08T20:01:07.130Z] [runtime-status] [56323] firebase-admin has been stubbed. {"adminResolution":{"declared":true,"installed":true,"version":"8.13.0","resolution":"/Users/mnothogumede/Documents/Personal/MR-O-Delivery/app/functions/node_modules/firebase-admin/lib/index.js"}} {"metadata":{"emulator":{"name":"functions"},"message":"[runtime-status] [56323] firebase-admin has been stubbed. {\"adminResolution\":{\"declared\":true,\"installed\":true,\"version\":\"8.13.0\",\"resolution\":\"/Users/mnothogumede/Documents/Personal/MR-O-Delivery/app/functions/node_modules/firebase-admin/lib/index.js\"}}"}}
[warn] ⚠  It looks like you're trying to access functions.config().firebase but there is no value there. You can learn more about setting up config here: https://firebase.google.com/docs/functions/local-emulator {"metadata":{"emulator":{"name":"functions"},"message":"It looks like you're trying to access functions.config().firebase but there is no value there. You can learn more about setting up config here: https://firebase.google.com/docs/functions/local-emulator"}}
[debug] [2020-10-08T20:01:07.143Z] [runtime-status] [56323] initializeApp(DEFAULT) {"databaseURL":"http://localhost:5002?ns=mr-o-delivery-84f4e","storageBucket":"mr-o-delivery-84f4e.appspot.com","projectId":"mr-o-delivery-84f4e"} {"metadata":{"emulator":{"name":"functions"},"message":"[runtime-status] [56323] initializeApp(DEFAULT) {\"databaseURL\":\"http://localhost:5002?ns=mr-o-delivery-84f4e\",\"storageBucket\":\"mr-o-delivery-84f4e.appspot.com\",\"projectId\":\"mr-o-delivery-84f4e\"}"}}
[debug] [2020-10-08T20:01:07.145Z] addDatabaseTrigger[mr-o-delivery-84f4e] "{\"name\":\"projects/mr-o-delivery-84f4e/locations/_/functions/sendPushNotification\",\"path\":\"/orders\",\"event\":\"providers/google.firebase.database/eventTypes/ref.create\",\"topic\":\"projects/mr-o-delivery-84f4e/topics/sendPushNotification\"}"
[debug] [2020-10-08T20:01:07.146Z] >>> HTTP REQUEST POST http://localhost:5002/.settings/functionTriggers.json?ns=mr-o-delivery-84f4e  
 {"name":"projects/mr-o-delivery-84f4e/locations/_/functions/sendPushNotification","path":"/orders","event":"providers/google.firebase.database/eventTypes/ref.create","topic":"projects/mr-o-delivery-84f4e/topics/sendPushNotification"}
[debug] [2020-10-08T20:01:07.150Z] [worker-~diagnostic~-d28fdc43-2fa5-4b6d-a0f1-eb9462c12842]: IDLE {"metadata":{"emulator":{"name":"functions"},"message":"[worker-~diagnostic~-d28fdc43-2fa5-4b6d-a0f1-eb9462c12842]: IDLE"}}
[debug] [2020-10-08T20:01:07.438Z] <<< HTTP RESPONSE 200 {"content-length":"15","content-type":"application/json; charset=utf-8","access-control-allow-origin":"*","cache-control":"no-cache","x-firebase-project-id":"mr-o-delivery-84f4e","x-firebase-project-number":"123456789","x-firebase-uuid":"6e74a00c-f02a-48fc-8d92-9ca85180526f"}
[info] ✔  functions[sendPushNotification]: database function initialized. {"metadata":{"emulator":{"name":"functions"},"message":"\u001b[1mdatabase\u001b[22m function initialized."}}
[info] ✔  functions[testNotif]: http function initialized (http://localhost:5001/mr-o-delivery-84f4e/us-central1/testNotif). {"metadata":{"emulator":{"name":"functions"},"message":"\u001b[1mhttp\u001b[22m function initialized (http://localhost:5001/mr-o-delivery-84f4e/us-central1/testNotif)."}}
[info] 
┌───────────────────────────────────────────────────────────────────────┐
│ ✔  All emulators ready! View status and logs at http://localhost:4001 │
└───────────────────────────────────────────────────────────────────────┘

┌───────────┬────────────────┬─────────────────────────────────┐
│ Emulator  │ Host:Port      │ View in Emulator UI             │
├───────────┼────────────────┼─────────────────────────────────┤
│ Functions │ localhost:5001 │ http://localhost:4001/functions │
├───────────┼────────────────┼─────────────────────────────────┤
│ Database  │ localhost:5002 │ http://localhost:4001/database  │
└───────────┴────────────────┴─────────────────────────────────┘
  Other reserved ports: 4400, 4500

Issues? Report them at https://github.com/firebase/firebase-tools/issues and attach the *-debug.log files.
 
[debug] [2020-10-08T20:01:42.824Z] ----------------------------------------------------------------------
[debug] [2020-10-08T20:01:42.826Z] Command:       /usr/local/bin/node /usr/local/bin/firebase serve
[debug] [2020-10-08T20:01:42.826Z] CLI Version:   8.12.0
[debug] [2020-10-08T20:01:42.826Z] Platform:      darwin
[debug] [2020-10-08T20:01:42.827Z] Node Version:  v12.18.4
[debug] [2020-10-08T20:01:42.827Z] Time:          Thu Oct 08 2020 22:01:42 GMT+0200 (South Africa Standard Time)
[debug] [2020-10-08T20:01:42.827Z] ----------------------------------------------------------------------
[debug] [2020-10-08T20:01:42.827Z] 
[debug] [2020-10-08T20:01:42.831Z] > command requires scopes: ["email","openid","https://www.googleapis.com/auth/cloudplatformprojects.readonly","https://www.googleapis.com/auth/firebase","https://www.googleapis.com/auth/cloud-platform"]
[debug] [2020-10-08T20:01:42.832Z] > authorizing via signed-in user
[debug] [2020-10-08T20:01:42.832Z] [iam] checking project mr-o-delivery-84f4e for permissions ["firebase.projects.get"]
[debug] [2020-10-08T20:01:42.834Z] >>> HTTP REQUEST POST https://cloudresourcemanager.googleapis.com/v1/projects/mr-o-delivery-84f4e:testIamPermissions  
 {"permissions":["firebase.projects.get"]}
[debug] [2020-10-08T20:01:44.726Z] <<< HTTP RESPONSE 200 {"content-type":"application/json; charset=UTF-8","vary":"X-Origin, Referer, Origin,Accept-Encoding","date":"Thu, 08 Oct 2020 20:01:44 GMT","server":"ESF","cache-control":"private","x-xss-protection":"0","x-frame-options":"SAMEORIGIN","x-content-type-options":"nosniff","server-timing":"gfet4t7; dur=1500","alt-svc":"h3-Q050=\":443\"; ma=2592000,h3-29=\":443\"; ma=2592000,h3-27=\":443\"; ma=2592000,h3-T051=\":443\"; ma=2592000,h3-T050=\":443\"; ma=2592000,h3-Q046=\":443\"; ma=2592000,h3-Q043=\":443\"; ma=2592000,quic=\":443\"; ma=2592000; v=\"46,43\"","accept-ranges":"none","transfer-encoding":"chunked"}
[debug] [2020-10-08T20:01:44.728Z] >>> HTTP REQUEST GET https://firebase.googleapis.com/v1beta1/projects/mr-o-delivery-84f4e  
 
[debug] [2020-10-08T20:01:45.226Z] <<< HTTP RESPONSE 200 {"content-type":"application/json; charset=UTF-8","vary":"X-Origin, Referer, Origin,Accept-Encoding","date":"Thu, 08 Oct 2020 20:01:45 GMT","server":"ESF","cache-control":"private","x-xss-protection":"0","x-frame-options":"SAMEORIGIN","x-content-type-options":"nosniff","alt-svc":"h3-Q050=\":443\"; ma=2592000,h3-29=\":443\"; ma=2592000,h3-27=\":443\"; ma=2592000,h3-T051=\":443\"; ma=2592000,h3-T050=\":443\"; ma=2592000,h3-Q046=\":443\"; ma=2592000,h3-Q043=\":443\"; ma=2592000,quic=\":443\"; ma=2592000; v=\"46,43\"","accept-ranges":"none","transfer-encoding":"chunked"}
[info] 
[info] === Serving from '/Users/mnothogumede/Documents/Personal/MR-O-Delivery/app'...
[info] 
[warn] ⚠  Your requested "node" version "10" doesn't match your global version "12" {"metadata":{"emulator":{"name":"functions"},"message":"Your requested \"node\" version \"10\" doesn't match your global version \"12\""}}
[debug] [2020-10-08T20:01:45.238Z] defaultcredentials: writing to file /Users/mnothogumede/.config/firebase/deliverymro_gmail_com_application_default_credentials.json
[debug] [2020-10-08T20:01:45.239Z] Setting GAC to /Users/mnothogumede/.config/firebase/deliverymro_gmail_com_application_default_credentials.json {"metadata":{"emulator":{"name":"functions"},"message":"Setting GAC to /Users/mnothogumede/.config/firebase/deliverymro_gmail_com_application_default_credentials.json"}}
[info] i  functions: Watching "/Users/mnothogumede/Documents/Personal/MR-O-Delivery/app/functions" for Cloud Functions... {"metadata":{"emulator":{"name":"functions"},"message":"Watching \"/Users/mnothogumede/Documents/Personal/MR-O-Delivery/app/functions\" for Cloud Functions..."}}
[debug] [2020-10-08T20:01:45.254Z] [worker-pool] addWorker(~diagnostic~) {"metadata":{"emulator":{"name":"functions"},"message":"[worker-pool] addWorker(~diagnostic~)"}}
[debug] [2020-10-08T20:01:45.254Z] [worker-pool] Adding worker with key ~diagnostic~, total=1 {"metadata":{"emulator":{"name":"functions"},"message":"[worker-pool] Adding worker with key ~diagnostic~, total=1"}}
[debug] [2020-10-08T20:01:45.254Z] [worker-pool] submitWork(triggerId=) {"metadata":{"emulator":{"name":"functions"},"message":"[worker-pool] submitWork(triggerId=)"}}
[debug] [2020-10-08T20:01:45.255Z] [worker-~diagnostic~-51b8409c-5843-4f84-8365-2dd397cb90ca]: Assigning socketPath: /var/folders/6p/3qmw9yvj19x7vd3ctr4_xt9r0000gn/T/fire_emu_56327.sock {"metadata":{"emulator":{"name":"functions"},"message":"[worker-~diagnostic~-51b8409c-5843-4f84-8365-2dd397cb90ca]: Assigning socketPath: /var/folders/6p/3qmw9yvj19x7vd3ctr4_xt9r0000gn/T/fire_emu_56327.sock"}}
[debug] [2020-10-08T20:01:45.255Z] [worker-~diagnostic~-51b8409c-5843-4f84-8365-2dd397cb90ca]: BUSY {"metadata":{"emulator":{"name":"functions"},"message":"[worker-~diagnostic~-51b8409c-5843-4f84-8365-2dd397cb90ca]: BUSY"}}
[debug] [2020-10-08T20:01:45.458Z] [runtime-status] [56327] Functions runtime initialized. {"cwd":"/Users/mnothogumede/Documents/Personal/MR-O-Delivery/app/functions","node_version":"12.18.4"} {"metadata":{"emulator":{"name":"functions"},"message":"[runtime-status] [56327] Functions runtime initialized. {\"cwd\":\"/Users/mnothogumede/Documents/Personal/MR-O-Delivery/app/functions\",\"node_version\":\"12.18.4\"}"}}
[debug] [2020-10-08T20:01:45.458Z] [runtime-status] [56327] Disabled runtime features: undefined {"metadata":{"emulator":{"name":"functions"},"message":"[runtime-status] [56327] Disabled runtime features: undefined"}}
[debug] [2020-10-08T20:01:45.460Z] [runtime-status] [56327] Resolved module firebase-admin {"declared":true,"installed":true,"version":"8.13.0","resolution":"/Users/mnothogumede/Documents/Personal/MR-O-Delivery/app/functions/node_modules/firebase-admin/lib/index.js"} {"metadata":{"emulator":{"name":"functions"},"message":"[runtime-status] [56327] Resolved module firebase-admin {\"declared\":true,\"installed\":true,\"version\":\"8.13.0\",\"resolution\":\"/Users/mnothogumede/Documents/Personal/MR-O-Delivery/app/functions/node_modules/firebase-admin/lib/index.js\"}"}}
[debug] [2020-10-08T20:01:45.461Z] [runtime-status] [56327] Resolved module firebase-functions {"declared":true,"installed":true,"version":"3.11.0","resolution":"/Users/mnothogumede/Documents/Personal/MR-O-Delivery/app/functions/node_modules/firebase-functions/lib/index.js"} {"metadata":{"emulator":{"name":"functions"},"message":"[runtime-status] [56327] Resolved module firebase-functions {\"declared\":true,\"installed\":true,\"version\":\"3.11.0\",\"resolution\":\"/Users/mnothogumede/Documents/Personal/MR-O-Delivery/app/functions/node_modules/firebase-functions/lib/index.js\"}"}}
[debug] [2020-10-08T20:01:45.462Z] [runtime-status] [56327] Resolved module firebase-functions {"declared":true,"installed":true,"version":"3.11.0","resolution":"/Users/mnothogumede/Documents/Personal/MR-O-Delivery/app/functions/node_modules/firebase-functions/lib/index.js"} {"metadata":{"emulator":{"name":"functions"},"message":"[runtime-status] [56327] Resolved module firebase-functions {\"declared\":true,\"installed\":true,\"version\":\"3.11.0\",\"resolution\":\"/Users/mnothogumede/Documents/Personal/MR-O-Delivery/app/functions/node_modules/firebase-functions/lib/index.js\"}"}}
[debug] [2020-10-08T20:01:45.463Z] [runtime-status] [56327] Outgoing network have been stubbed. [{"name":"http","status":"mocked"},{"name":"http","status":"mocked"},{"name":"https","status":"mocked"},{"name":"https","status":"mocked"},{"name":"net","status":"mocked"}] {"metadata":{"emulator":{"name":"functions"},"message":"[runtime-status] [56327] Outgoing network have been stubbed. [{\"name\":\"http\",\"status\":\"mocked\"},{\"name\":\"http\",\"status\":\"mocked\"},{\"name\":\"https\",\"status\":\"mocked\"},{\"name\":\"https\",\"status\":\"mocked\"},{\"name\":\"net\",\"status\":\"mocked\"}]"}}
[debug] [2020-10-08T20:01:45.463Z] [runtime-status] [56327] Resolved module firebase-functions {"declared":true,"installed":true,"version":"3.11.0","resolution":"/Users/mnothogumede/Documents/Personal/MR-O-Delivery/app/functions/node_modules/firebase-functions/lib/index.js"} {"metadata":{"emulator":{"name":"functions"},"message":"[runtime-status] [56327] Resolved module firebase-functions {\"declared\":true,\"installed\":true,\"version\":\"3.11.0\",\"resolution\":\"/Users/mnothogumede/Documents/Personal/MR-O-Delivery/app/functions/node_modules/firebase-functions/lib/index.js\"}"}}
[debug] [2020-10-08T20:01:45.484Z] [runtime-status] [56327] Checked functions.config() {"config":{}} {"metadata":{"emulator":{"name":"functions"},"message":"[runtime-status] [56327] Checked functions.config() {\"config\":{}}"}}
[debug] [2020-10-08T20:01:45.485Z] [runtime-status] [56327] firebase-functions has been stubbed. {"functionsResolution":{"declared":true,"installed":true,"version":"3.11.0","resolution":"/Users/mnothogumede/Documents/Personal/MR-O-Delivery/app/functions/node_modules/firebase-functions/lib/index.js"}} {"metadata":{"emulator":{"name":"functions"},"message":"[runtime-status] [56327] firebase-functions has been stubbed. {\"functionsResolution\":{\"declared\":true,\"installed\":true,\"version\":\"3.11.0\",\"resolution\":\"/Users/mnothogumede/Documents/Personal/MR-O-Delivery/app/functions/node_modules/firebase-functions/lib/index.js\"}}"}}
[debug] [2020-10-08T20:01:45.485Z] [runtime-status] [56327] Resolved module firebase-functions {"declared":true,"installed":true,"version":"3.11.0","resolution":"/Users/mnothogumede/Documents/Personal/MR-O-Delivery/app/functions/node_modules/firebase-functions/lib/index.js"} {"metadata":{"emulator":{"name":"functions"},"message":"[runtime-status] [56327] Resolved module firebase-functions {\"declared\":true,\"installed\":true,\"version\":\"3.11.0\",\"resolution\":\"/Users/mnothogumede/Documents/Personal/MR-O-Delivery/app/functions/node_modules/firebase-functions/lib/index.js\"}"}}
[debug] [2020-10-08T20:01:45.485Z] [runtime-status] [56327] Resolved module firebase-admin {"declared":true,"installed":true,"version":"8.13.0","resolution":"/Users/mnothogumede/Documents/Personal/MR-O-Delivery/app/functions/node_modules/firebase-admin/lib/index.js"} {"metadata":{"emulator":{"name":"functions"},"message":"[runtime-status] [56327] Resolved module firebase-admin {\"declared\":true,\"installed\":true,\"version\":\"8.13.0\",\"resolution\":\"/Users/mnothogumede/Documents/Personal/MR-O-Delivery/app/functions/node_modules/firebase-admin/lib/index.js\"}"}}
[debug] [2020-10-08T20:01:45.486Z] [runtime-status] [56327] Resolved module firebase-functions {"declared":true,"installed":true,"version":"3.11.0","resolution":"/Users/mnothogumede/Documents/Personal/MR-O-Delivery/app/functions/node_modules/firebase-functions/lib/index.js"} {"metadata":{"emulator":{"name":"functions"},"message":"[runtime-status] [56327] Resolved module firebase-functions {\"declared\":true,\"installed\":true,\"version\":\"3.11.0\",\"resolution\":\"/Users/mnothogumede/Documents/Personal/MR-O-Delivery/app/functions/node_modules/firebase-functions/lib/index.js\"}"}}
[debug] [2020-10-08T20:01:45.486Z] [runtime-status] [56327] firebase-admin has been stubbed. {"adminResolution":{"declared":true,"installed":true,"version":"8.13.0","resolution":"/Users/mnothogumede/Documents/Personal/MR-O-Delivery/app/functions/node_modules/firebase-admin/lib/index.js"}} {"metadata":{"emulator":{"name":"functions"},"message":"[runtime-status] [56327] firebase-admin has been stubbed. {\"adminResolution\":{\"declared\":true,\"installed\":true,\"version\":\"8.13.0\",\"resolution\":\"/Users/mnothogumede/Documents/Personal/MR-O-Delivery/app/functions/node_modules/firebase-admin/lib/index.js\"}}"}}
[warn] ⚠  It looks like you're trying to access functions.config().firebase but there is no value there. You can learn more about setting up config here: https://firebase.google.com/docs/functions/local-emulator {"metadata":{"emulator":{"name":"functions"},"message":"It looks like you're trying to access functions.config().firebase but there is no value there. You can learn more about setting up config here: https://firebase.google.com/docs/functions/local-emulator"}}
[debug] [2020-10-08T20:01:45.490Z] [runtime-status] [56327] initializeApp(DEFAULT) {"databaseURL":"https://mr-o-delivery-84f4e.firebaseio.com","storageBucket":"mr-o-delivery-84f4e.appspot.com","projectId":"mr-o-delivery-84f4e"} {"metadata":{"emulator":{"name":"functions"},"message":"[runtime-status] [56327] initializeApp(DEFAULT) {\"databaseURL\":\"https://mr-o-delivery-84f4e.firebaseio.com\",\"storageBucket\":\"mr-o-delivery-84f4e.appspot.com\",\"projectId\":\"mr-o-delivery-84f4e\"}"}}
[info] ✔  functions[testNotif]: http function initialized (http://localhost:5000/mr-o-delivery-84f4e/us-central1/testNotif). {"metadata":{"emulator":{"name":"functions"},"message":"\u001b[1mhttp\u001b[22m function initialized (http://localhost:5000/mr-o-delivery-84f4e/us-central1/testNotif)."}}
[info] i  functions[sendPushNotification]: function ignored because the database emulator does not exist or is not running. {"metadata":{"emulator":{"name":"functions"},"message":"function ignored because the database emulator does not exist or is not running."}}
[debug] [2020-10-08T20:01:45.493Z] [worker-~diagnostic~-51b8409c-5843-4f84-8365-2dd397cb90ca]: IDLE {"metadata":{"emulator":{"name":"functions"},"message":"[worker-~diagnostic~-51b8409c-5843-4f84-8365-2dd397cb90ca]: IDLE"}}
[debug] [2020-10-08T20:04:32.569Z] File /Users/mnothogumede/Documents/Personal/MR-O-Delivery/app/functions/index.js changed, reloading triggers {"metadata":{"emulator":{"name":"functions"},"message":"File /Users/mnothogumede/Documents/Personal/MR-O-Delivery/app/functions/index.js changed, reloading triggers"}}
[debug] [2020-10-08T20:04:32.669Z] File /Users/mnothogumede/Documents/Personal/MR-O-Delivery/app/functions/index.js changed, reloading triggers {"metadata":{"emulator":{"name":"functions"},"message":"File /Users/mnothogumede/Documents/Personal/MR-O-Delivery/app/functions/index.js changed, reloading triggers"}}
[debug] [2020-10-08T20:04:32.770Z] File /Users/mnothogumede/Documents/Personal/MR-O-Delivery/app/functions/index.js changed, reloading triggers {"metadata":{"emulator":{"name":"functions"},"message":"File /Users/mnothogumede/Documents/Personal/MR-O-Delivery/app/functions/index.js changed, reloading triggers"}}
[debug] [2020-10-08T20:04:33.772Z] [worker-pool] Shutting down IDLE worker (~diagnostic~) {"metadata":{"emulator":{"name":"functions"},"message":"[worker-pool] Shutting down IDLE worker (~diagnostic~)"}}
[debug] [2020-10-08T20:04:33.772Z] [worker-~diagnostic~-d28fdc43-2fa5-4b6d-a0f1-eb9462c12842]: FINISHING {"metadata":{"emulator":{"name":"functions"},"message":"[worker-~diagnostic~-d28fdc43-2fa5-4b6d-a0f1-eb9462c12842]: FINISHING"}}
[debug] [2020-10-08T20:04:33.776Z] [worker-pool] addWorker(~diagnostic~) {"metadata":{"emulator":{"name":"functions"},"message":"[worker-pool] addWorker(~diagnostic~)"}}
[debug] [2020-10-08T20:04:33.776Z] [worker-pool] Adding worker with key ~diagnostic~, total=2 {"metadata":{"emulator":{"name":"functions"},"message":"[worker-pool] Adding worker with key ~diagnostic~, total=2"}}
[debug] [2020-10-08T20:04:33.776Z] [worker-pool] submitWork(triggerId=) {"metadata":{"emulator":{"name":"functions"},"message":"[worker-pool] submitWork(triggerId=)"}}
[debug] [2020-10-08T20:04:33.776Z] [worker-~diagnostic~-bdd6bf65-c01c-4b4c-9e20-851478f6ab08]: Assigning socketPath: /var/folders/6p/3qmw9yvj19x7vd3ctr4_xt9r0000gn/T/fire_emu_56403.sock {"metadata":{"emulator":{"name":"functions"},"message":"[worker-~diagnostic~-bdd6bf65-c01c-4b4c-9e20-851478f6ab08]: Assigning socketPath: /var/folders/6p/3qmw9yvj19x7vd3ctr4_xt9r0000gn/T/fire_emu_56403.sock"}}
[debug] [2020-10-08T20:04:33.777Z] [worker-~diagnostic~-bdd6bf65-c01c-4b4c-9e20-851478f6ab08]: BUSY {"metadata":{"emulator":{"name":"functions"},"message":"[worker-~diagnostic~-bdd6bf65-c01c-4b4c-9e20-851478f6ab08]: BUSY"}}
[debug] [2020-10-08T20:04:33.778Z] [worker-~diagnostic~-d28fdc43-2fa5-4b6d-a0f1-eb9462c12842]: exited {"metadata":{"emulator":{"name":"functions"},"message":"[worker-~diagnostic~-d28fdc43-2fa5-4b6d-a0f1-eb9462c12842]: exited"}}
[debug] [2020-10-08T20:04:33.778Z] [worker-~diagnostic~-d28fdc43-2fa5-4b6d-a0f1-eb9462c12842]: FINISHED {"metadata":{"emulator":{"name":"functions"},"message":"[worker-~diagnostic~-d28fdc43-2fa5-4b6d-a0f1-eb9462c12842]: FINISHED"}}
[debug] [2020-10-08T20:04:34.173Z] [runtime-status] [56403] Functions runtime initialized. {"cwd":"/Users/mnothogumede/Documents/Personal/MR-O-Delivery/app/functions","node_version":"12.18.4"} {"metadata":{"emulator":{"name":"functions"},"message":"[runtime-status] [56403] Functions runtime initialized. {\"cwd\":\"/Users/mnothogumede/Documents/Personal/MR-O-Delivery/app/functions\",\"node_version\":\"12.18.4\"}"}}
[debug] [2020-10-08T20:04:34.174Z] [runtime-status] [56403] Disabled runtime features: undefined {"metadata":{"emulator":{"name":"functions"},"message":"[runtime-status] [56403] Disabled runtime features: undefined"}}
[debug] [2020-10-08T20:04:34.177Z] [runtime-status] [56403] Resolved module firebase-admin {"declared":true,"installed":true,"version":"8.13.0","resolution":"/Users/mnothogumede/Documents/Personal/MR-O-Delivery/app/functions/node_modules/firebase-admin/lib/index.js"} {"metadata":{"emulator":{"name":"functions"},"message":"[runtime-status] [56403] Resolved module firebase-admin {\"declared\":true,\"installed\":true,\"version\":\"8.13.0\",\"resolution\":\"/Users/mnothogumede/Documents/Personal/MR-O-Delivery/app/functions/node_modules/firebase-admin/lib/index.js\"}"}}
[debug] [2020-10-08T20:04:34.179Z] [runtime-status] [56403] Resolved module firebase-functions {"declared":true,"installed":true,"version":"3.11.0","resolution":"/Users/mnothogumede/Documents/Personal/MR-O-Delivery/app/functions/node_modules/firebase-functions/lib/index.js"} {"metadata":{"emulator":{"name":"functions"},"message":"[runtime-status] [56403] Resolved module firebase-functions {\"declared\":true,\"installed\":true,\"version\":\"3.11.0\",\"resolution\":\"/Users/mnothogumede/Documents/Personal/MR-O-Delivery/app/functions/node_modules/firebase-functions/lib/index.js\"}"}}
[debug] [2020-10-08T20:04:34.180Z] [runtime-status] [56403] Resolved module firebase-functions {"declared":true,"installed":true,"version":"3.11.0","resolution":"/Users/mnothogumede/Documents/Personal/MR-O-Delivery/app/functions/node_modules/firebase-functions/lib/index.js"} {"metadata":{"emulator":{"name":"functions"},"message":"[runtime-status] [56403] Resolved module firebase-functions {\"declared\":true,\"installed\":true,\"version\":\"3.11.0\",\"resolution\":\"/Users/mnothogumede/Documents/Personal/MR-O-Delivery/app/functions/node_modules/firebase-functions/lib/index.js\"}"}}
[debug] [2020-10-08T20:04:34.184Z] [runtime-status] [56403] Outgoing network have been stubbed. [{"name":"http","status":"mocked"},{"name":"http","status":"mocked"},{"name":"https","status":"mocked"},{"name":"https","status":"mocked"},{"name":"net","status":"mocked"}] {"metadata":{"emulator":{"name":"functions"},"message":"[runtime-status] [56403] Outgoing network have been stubbed. [{\"name\":\"http\",\"status\":\"mocked\"},{\"name\":\"http\",\"status\":\"mocked\"},{\"name\":\"https\",\"status\":\"mocked\"},{\"name\":\"https\",\"status\":\"mocked\"},{\"name\":\"net\",\"status\":\"mocked\"}]"}}
[debug] [2020-10-08T20:04:34.185Z] [runtime-status] [56403] Resolved module firebase-functions {"declared":true,"installed":true,"version":"3.11.0","resolution":"/Users/mnothogumede/Documents/Personal/MR-O-Delivery/app/functions/node_modules/firebase-functions/lib/index.js"} {"metadata":{"emulator":{"name":"functions"},"message":"[runtime-status] [56403] Resolved module firebase-functions {\"declared\":true,\"installed\":true,\"version\":\"3.11.0\",\"resolution\":\"/Users/mnothogumede/Documents/Personal/MR-O-Delivery/app/functions/node_modules/firebase-functions/lib/index.js\"}"}}
[debug] [2020-10-08T20:04:34.227Z] [runtime-status] [56403] Checked functions.config() {"config":{}} {"metadata":{"emulator":{"name":"functions"},"message":"[runtime-status] [56403] Checked functions.config() {\"config\":{}}"}}
[debug] [2020-10-08T20:04:34.227Z] [runtime-status] [56403] firebase-functions has been stubbed. {"functionsResolution":{"declared":true,"installed":true,"version":"3.11.0","resolution":"/Users/mnothogumede/Documents/Personal/MR-O-Delivery/app/functions/node_modules/firebase-functions/lib/index.js"}} {"metadata":{"emulator":{"name":"functions"},"message":"[runtime-status] [56403] firebase-functions has been stubbed. {\"functionsResolution\":{\"declared\":true,\"installed\":true,\"version\":\"3.11.0\",\"resolution\":\"/Users/mnothogumede/Documents/Personal/MR-O-Delivery/app/functions/node_modules/firebase-functions/lib/index.js\"}}"}}
[debug] [2020-10-08T20:04:34.227Z] [runtime-status] [56403] Resolved module firebase-functions {"declared":true,"installed":true,"version":"3.11.0","resolution":"/Users/mnothogumede/Documents/Personal/MR-O-Delivery/app/functions/node_modules/firebase-functions/lib/index.js"} {"metadata":{"emulator":{"name":"functions"},"message":"[runtime-status] [56403] Resolved module firebase-functions {\"declared\":true,\"installed\":true,\"version\":\"3.11.0\",\"resolution\":\"/Users/mnothogumede/Documents/Personal/MR-O-Delivery/app/functions/node_modules/firebase-functions/lib/index.js\"}"}}
[debug] [2020-10-08T20:04:34.228Z] [runtime-status] [56403] Resolved module firebase-admin {"declared":true,"installed":true,"version":"8.13.0","resolution":"/Users/mnothogumede/Documents/Personal/MR-O-Delivery/app/functions/node_modules/firebase-admin/lib/index.js"} {"metadata":{"emulator":{"name":"functions"},"message":"[runtime-status] [56403] Resolved module firebase-admin {\"declared\":true,\"installed\":true,\"version\":\"8.13.0\",\"resolution\":\"/Users/mnothogumede/Documents/Personal/MR-O-Delivery/app/functions/node_modules/firebase-admin/lib/index.js\"}"}}
[debug] [2020-10-08T20:04:34.228Z] [runtime-status] [56403] Resolved module firebase-functions {"declared":true,"installed":true,"version":"3.11.0","resolution":"/Users/mnothogumede/Documents/Personal/MR-O-Delivery/app/functions/node_modules/firebase-functions/lib/index.js"} {"metadata":{"emulator":{"name":"functions"},"message":"[runtime-status] [56403] Resolved module firebase-functions {\"declared\":true,\"installed\":true,\"version\":\"3.11.0\",\"resolution\":\"/Users/mnothogumede/Documents/Personal/MR-O-Delivery/app/functions/node_modules/firebase-functions/lib/index.js\"}"}}
[debug] [2020-10-08T20:04:34.228Z] [runtime-status] [56403] firebase-admin has been stubbed. {"adminResolution":{"declared":true,"installed":true,"version":"8.13.0","resolution":"/Users/mnothogumede/Documents/Personal/MR-O-Delivery/app/functions/node_modules/firebase-admin/lib/index.js"}} {"metadata":{"emulator":{"name":"functions"},"message":"[runtime-status] [56403] firebase-admin has been stubbed. {\"adminResolution\":{\"declared\":true,\"installed\":true,\"version\":\"8.13.0\",\"resolution\":\"/Users/mnothogumede/Documents/Personal/MR-O-Delivery/app/functions/node_modules/firebase-admin/lib/index.js\"}}"}}
[debug] [2020-10-08T20:04:34.238Z] [runtime-status] [56403] initializeApp(DEFAULT) {"credential":{"implicit":true,"refreshToken":{"clientId":"563584335869-fgrhgmd47bqnekij5i8b5pr03ho849e6.apps.googleusercontent.com","clientSecret":"j9iVZfS8kkCEFUPaAeJV0sAi","refreshToken":"1//03TigmiauSjdMCgYIARAAGAMSNwF-L9IrLRykqiEmy7S-7w6AUGSSlgf8bh1bkSRRrgUnvmJnTTLr3GiBQ5NUmkMxcUOmbxGzw20","type":"authorized_user"},"httpClient":{"retry":{"maxRetries":4,"statusCodes":[503],"ioErrorCodes":["ECONNRESET","ETIMEDOUT"],"backOffFactor":0.5,"maxDelayInMillis":60000}}},"databaseURL":"https://mr-o-delivery-84f4e.firebaseio.com"} {"metadata":{"emulator":{"name":"functions"},"message":"[runtime-status] [56403] initializeApp(DEFAULT) {\"credential\":{\"implicit\":true,\"refreshToken\":{\"clientId\":\"563584335869-fgrhgmd47bqnekij5i8b5pr03ho849e6.apps.googleusercontent.com\",\"clientSecret\":\"j9iVZfS8kkCEFUPaAeJV0sAi\",\"refreshToken\":\"1//03TigmiauSjdMCgYIARAAGAMSNwF-L9IrLRykqiEmy7S-7w6AUGSSlgf8bh1bkSRRrgUnvmJnTTLr3GiBQ5NUmkMxcUOmbxGzw20\",\"type\":\"authorized_user\"},\"httpClient\":{\"retry\":{\"maxRetries\":4,\"statusCodes\":[503],\"ioErrorCodes\":[\"ECONNRESET\",\"ETIMEDOUT\"],\"backOffFactor\":0.5,\"maxDelayInMillis\":60000}}},\"databaseURL\":\"https://mr-o-delivery-84f4e.firebaseio.com\"}"}}
[warn] ⚠  Error: The default Firebase app already exists. This means you called initializeApp() more than once without providing an app name as the second argument. In most cases you only need to call initializeApp() once. But if you do want to initialize multiple apps, pass a second argument to initializeApp() to give each app a unique name.
    at FirebaseAppError.FirebaseError [as constructor] (/Users/mnothogumede/Documents/Personal/MR-O-Delivery/app/functions/node_modules/firebase-admin/lib/utils/error.js:42:28)
    at FirebaseAppError.PrefixedFirebaseError [as constructor] (/Users/mnothogumede/Documents/Personal/MR-O-Delivery/app/functions/node_modules/firebase-admin/lib/utils/error.js:88:28)
    at new FirebaseAppError (/Users/mnothogumede/Documents/Personal/MR-O-Delivery/app/functions/node_modules/firebase-admin/lib/utils/error.js:123:28)
    at FirebaseNamespaceInternals.initializeApp (/Users/mnothogumede/Documents/Personal/MR-O-Delivery/app/functions/node_modules/firebase-admin/lib/firebase-namespace.js:68:23)
    at FirebaseNamespace.initializeApp (/Users/mnothogumede/Documents/Personal/MR-O-Delivery/app/functions/node_modules/firebase-admin/lib/firebase-namespace.js:442:30)
    at Proxy.<anonymous> (/usr/local/lib/node_modules/firebase-tools/lib/emulator/functionsEmulatorRuntime.js:330:78)
    at Object.<anonymous> (/Users/mnothogumede/Documents/Personal/MR-O-Delivery/app/functions/index.js:17:7)
    at Module._compile (internal/modules/cjs/loader.js:1137:30)
    at Object.Module._extensions..js (internal/modules/cjs/loader.js:1157:10)
    at Module.load (internal/modules/cjs/loader.js:985:32) {"metadata":{"emulator":{"name":"functions"},"message":"Error: The default Firebase app already exists. This means you called initializeApp() more than once without providing an app name as the second argument. In most cases you only need to call initializeApp() once. But if you do want to initialize multiple apps, pass a second argument to initializeApp() to give each app a unique name.\n    at FirebaseAppError.FirebaseError [as constructor] (/Users/mnothogumede/Documents/Personal/MR-O-Delivery/app/functions/node_modules/firebase-admin/lib/utils/error.js:42:28)\n    at FirebaseAppError.PrefixedFirebaseError [as constructor] (/Users/mnothogumede/Documents/Personal/MR-O-Delivery/app/functions/node_modules/firebase-admin/lib/utils/error.js:88:28)\n    at new FirebaseAppError (/Users/mnothogumede/Documents/Personal/MR-O-Delivery/app/functions/node_modules/firebase-admin/lib/utils/error.js:123:28)\n    at FirebaseNamespaceInternals.initializeApp (/Users/mnothogumede/Documents/Personal/MR-O-Delivery/app/functions/node_modules/firebase-admin/lib/firebase-namespace.js:68:23)\n    at FirebaseNamespace.initializeApp (/Users/mnothogumede/Documents/Personal/MR-O-Delivery/app/functions/node_modules/firebase-admin/lib/firebase-namespace.js:442:30)\n    at Proxy.<anonymous> (/usr/local/lib/node_modules/firebase-tools/lib/emulator/functionsEmulatorRuntime.js:330:78)\n    at Object.<anonymous> (/Users/mnothogumede/Documents/Personal/MR-O-Delivery/app/functions/index.js:17:7)\n    at Module._compile (internal/modules/cjs/loader.js:1137:30)\n    at Object.Module._extensions..js (internal/modules/cjs/loader.js:1157:10)\n    at Module.load (internal/modules/cjs/loader.js:985:32)"}}
[warn] ⚠  We were unable to load your functions code. (see above) {"metadata":{"emulator":{"name":"functions"}}}
[debug] [2020-10-08T20:04:34.257Z] [worker-~diagnostic~-bdd6bf65-c01c-4b4c-9e20-851478f6ab08]: exited {"metadata":{"emulator":{"name":"functions"},"message":"[worker-~diagnostic~-bdd6bf65-c01c-4b4c-9e20-851478f6ab08]: exited"}}
[debug] [2020-10-08T20:04:34.257Z] [worker-~diagnostic~-bdd6bf65-c01c-4b4c-9e20-851478f6ab08]: FINISHED {"metadata":{"emulator":{"name":"functions"},"message":"[worker-~diagnostic~-bdd6bf65-c01c-4b4c-9e20-851478f6ab08]: FINISHED"}}
[debug] [2020-10-08T20:05:03.480Z] File /Users/mnothogumede/Documents/Personal/MR-O-Delivery/app/functions/index.js changed, reloading triggers {"metadata":{"emulator":{"name":"functions"},"message":"File /Users/mnothogumede/Documents/Personal/MR-O-Delivery/app/functions/index.js changed, reloading triggers"}}
[debug] [2020-10-08T20:05:03.581Z] File /Users/mnothogumede/Documents/Personal/MR-O-Delivery/app/functions/index.js changed, reloading triggers {"metadata":{"emulator":{"name":"functions"},"message":"File /Users/mnothogumede/Documents/Personal/MR-O-Delivery/app/functions/index.js changed, reloading triggers"}}
[debug] [2020-10-08T20:05:04.583Z] [worker-pool] Cleaned up workers for ~diagnostic~: 2 --> 0 {"metadata":{"emulator":{"name":"functions"},"message":"[worker-pool] Cleaned up workers for ~diagnostic~: 2 --> 0"}}
[debug] [2020-10-08T20:05:04.587Z] [worker-pool] addWorker(~diagnostic~) {"metadata":{"emulator":{"name":"functions"},"message":"[worker-pool] addWorker(~diagnostic~)"}}
[debug] [2020-10-08T20:05:04.587Z] [worker-pool] Adding worker with key ~diagnostic~, total=1 {"metadata":{"emulator":{"name":"functions"},"message":"[worker-pool] Adding worker with key ~diagnostic~, total=1"}}
[debug] [2020-10-08T20:05:04.587Z] [worker-pool] submitWork(triggerId=) {"metadata":{"emulator":{"name":"functions"},"message":"[worker-pool] submitWork(triggerId=)"}}
[debug] [2020-10-08T20:05:04.588Z] [worker-~diagnostic~-67ca7db2-5210-4b17-8a7f-e03a30951cac]: Assigning socketPath: /var/folders/6p/3qmw9yvj19x7vd3ctr4_xt9r0000gn/T/fire_emu_56440.sock {"metadata":{"emulator":{"name":"functions"},"message":"[worker-~diagnostic~-67ca7db2-5210-4b17-8a7f-e03a30951cac]: Assigning socketPath: /var/folders/6p/3qmw9yvj19x7vd3ctr4_xt9r0000gn/T/fire_emu_56440.sock"}}
[debug] [2020-10-08T20:05:04.588Z] [worker-~diagnostic~-67ca7db2-5210-4b17-8a7f-e03a30951cac]: BUSY {"metadata":{"emulator":{"name":"functions"},"message":"[worker-~diagnostic~-67ca7db2-5210-4b17-8a7f-e03a30951cac]: BUSY"}}
[debug] [2020-10-08T20:05:04.817Z] [runtime-status] [56440] Functions runtime initialized. {"cwd":"/Users/mnothogumede/Documents/Personal/MR-O-Delivery/app/functions","node_version":"12.18.4"} {"metadata":{"emulator":{"name":"functions"},"message":"[runtime-status] [56440] Functions runtime initialized. {\"cwd\":\"/Users/mnothogumede/Documents/Personal/MR-O-Delivery/app/functions\",\"node_version\":\"12.18.4\"}"}}
[debug] [2020-10-08T20:05:04.818Z] [runtime-status] [56440] Disabled runtime features: undefined {"metadata":{"emulator":{"name":"functions"},"message":"[runtime-status] [56440] Disabled runtime features: undefined"}}
[debug] [2020-10-08T20:05:04.820Z] [runtime-status] [56440] Resolved module firebase-admin {"declared":true,"installed":true,"version":"8.13.0","resolution":"/Users/mnothogumede/Documents/Personal/MR-O-Delivery/app/functions/node_modules/firebase-admin/lib/index.js"} {"metadata":{"emulator":{"name":"functions"},"message":"[runtime-status] [56440] Resolved module firebase-admin {\"declared\":true,\"installed\":true,\"version\":\"8.13.0\",\"resolution\":\"/Users/mnothogumede/Documents/Personal/MR-O-Delivery/app/functions/node_modules/firebase-admin/lib/index.js\"}"}}
[debug] [2020-10-08T20:05:04.822Z] [runtime-status] [56440] Resolved module firebase-functions {"declared":true,"installed":true,"version":"3.11.0","resolution":"/Users/mnothogumede/Documents/Personal/MR-O-Delivery/app/functions/node_modules/firebase-functions/lib/index.js"} {"metadata":{"emulator":{"name":"functions"},"message":"[runtime-status] [56440] Resolved module firebase-functions {\"declared\":true,\"installed\":true,\"version\":\"3.11.0\",\"resolution\":\"/Users/mnothogumede/Documents/Personal/MR-O-Delivery/app/functions/node_modules/firebase-functions/lib/index.js\"}"}}
[debug] [2020-10-08T20:05:04.823Z] [runtime-status] [56440] Resolved module firebase-functions {"declared":true,"installed":true,"version":"3.11.0","resolution":"/Users/mnothogumede/Documents/Personal/MR-O-Delivery/app/functions/node_modules/firebase-functions/lib/index.js"} {"metadata":{"emulator":{"name":"functions"},"message":"[runtime-status] [56440] Resolved module firebase-functions {\"declared\":true,\"installed\":true,\"version\":\"3.11.0\",\"resolution\":\"/Users/mnothogumede/Documents/Personal/MR-O-Delivery/app/functions/node_modules/firebase-functions/lib/index.js\"}"}}
[debug] [2020-10-08T20:05:04.824Z] [runtime-status] [56440] Outgoing network have been stubbed. [{"name":"http","status":"mocked"},{"name":"http","status":"mocked"},{"name":"https","status":"mocked"},{"name":"https","status":"mocked"},{"name":"net","status":"mocked"}] {"metadata":{"emulator":{"name":"functions"},"message":"[runtime-status] [56440] Outgoing network have been stubbed. [{\"name\":\"http\",\"status\":\"mocked\"},{\"name\":\"http\",\"status\":\"mocked\"},{\"name\":\"https\",\"status\":\"mocked\"},{\"name\":\"https\",\"status\":\"mocked\"},{\"name\":\"net\",\"status\":\"mocked\"}]"}}
[debug] [2020-10-08T20:05:04.824Z] [runtime-status] [56440] Resolved module firebase-functions {"declared":true,"installed":true,"version":"3.11.0","resolution":"/Users/mnothogumede/Documents/Personal/MR-O-Delivery/app/functions/node_modules/firebase-functions/lib/index.js"} {"metadata":{"emulator":{"name":"functions"},"message":"[runtime-status] [56440] Resolved module firebase-functions {\"declared\":true,\"installed\":true,\"version\":\"3.11.0\",\"resolution\":\"/Users/mnothogumede/Documents/Personal/MR-O-Delivery/app/functions/node_modules/firebase-functions/lib/index.js\"}"}}
[debug] [2020-10-08T20:05:04.849Z] [runtime-status] [56440] Checked functions.config() {"config":{}} {"metadata":{"emulator":{"name":"functions"},"message":"[runtime-status] [56440] Checked functions.config() {\"config\":{}}"}}
[debug] [2020-10-08T20:05:04.849Z] [runtime-status] [56440] firebase-functions has been stubbed. {"functionsResolution":{"declared":true,"installed":true,"version":"3.11.0","resolution":"/Users/mnothogumede/Documents/Personal/MR-O-Delivery/app/functions/node_modules/firebase-functions/lib/index.js"}} {"metadata":{"emulator":{"name":"functions"},"message":"[runtime-status] [56440] firebase-functions has been stubbed. {\"functionsResolution\":{\"declared\":true,\"installed\":true,\"version\":\"3.11.0\",\"resolution\":\"/Users/mnothogumede/Documents/Personal/MR-O-Delivery/app/functions/node_modules/firebase-functions/lib/index.js\"}}"}}
[debug] [2020-10-08T20:05:04.849Z] [runtime-status] [56440] Resolved module firebase-functions {"declared":true,"installed":true,"version":"3.11.0","resolution":"/Users/mnothogumede/Documents/Personal/MR-O-Delivery/app/functions/node_modules/firebase-functions/lib/index.js"} {"metadata":{"emulator":{"name":"functions"},"message":"[runtime-status] [56440] Resolved module firebase-functions {\"declared\":true,\"installed\":true,\"version\":\"3.11.0\",\"resolution\":\"/Users/mnothogumede/Documents/Personal/MR-O-Delivery/app/functions/node_modules/firebase-functions/lib/index.js\"}"}}
[debug] [2020-10-08T20:05:04.850Z] [runtime-status] [56440] Resolved module firebase-admin {"declared":true,"installed":true,"version":"8.13.0","resolution":"/Users/mnothogumede/Documents/Personal/MR-O-Delivery/app/functions/node_modules/firebase-admin/lib/index.js"} {"metadata":{"emulator":{"name":"functions"},"message":"[runtime-status] [56440] Resolved module firebase-admin {\"declared\":true,\"installed\":true,\"version\":\"8.13.0\",\"resolution\":\"/Users/mnothogumede/Documents/Personal/MR-O-Delivery/app/functions/node_modules/firebase-admin/lib/index.js\"}"}}
[debug] [2020-10-08T20:05:04.850Z] [runtime-status] [56440] Resolved module firebase-functions {"declared":true,"installed":true,"version":"3.11.0","resolution":"/Users/mnothogumede/Documents/Personal/MR-O-Delivery/app/functions/node_modules/firebase-functions/lib/index.js"} {"metadata":{"emulator":{"name":"functions"},"message":"[runtime-status] [56440] Resolved module firebase-functions {\"declared\":true,\"installed\":true,\"version\":\"3.11.0\",\"resolution\":\"/Users/mnothogumede/Documents/Personal/MR-O-Delivery/app/functions/node_modules/firebase-functions/lib/index.js\"}"}}
[debug] [2020-10-08T20:05:04.850Z] [runtime-status] [56440] firebase-admin has been stubbed. {"adminResolution":{"declared":true,"installed":true,"version":"8.13.0","resolution":"/Users/mnothogumede/Documents/Personal/MR-O-Delivery/app/functions/node_modules/firebase-admin/lib/index.js"}} {"metadata":{"emulator":{"name":"functions"},"message":"[runtime-status] [56440] firebase-admin has been stubbed. {\"adminResolution\":{\"declared\":true,\"installed\":true,\"version\":\"8.13.0\",\"resolution\":\"/Users/mnothogumede/Documents/Personal/MR-O-Delivery/app/functions/node_modules/firebase-admin/lib/index.js\"}}"}}
[debug] [2020-10-08T20:05:04.855Z] [runtime-status] [56440] initializeApp(DEFAULT) {"credential":{"implicit":true,"refreshToken":{"clientId":"563584335869-fgrhgmd47bqnekij5i8b5pr03ho849e6.apps.googleusercontent.com","clientSecret":"j9iVZfS8kkCEFUPaAeJV0sAi","refreshToken":"1//03TigmiauSjdMCgYIARAAGAMSNwF-L9IrLRykqiEmy7S-7w6AUGSSlgf8bh1bkSRRrgUnvmJnTTLr3GiBQ5NUmkMxcUOmbxGzw20","type":"authorized_user"},"httpClient":{"retry":{"maxRetries":4,"statusCodes":[503],"ioErrorCodes":["ECONNRESET","ETIMEDOUT"],"backOffFactor":0.5,"maxDelayInMillis":60000}}},"databaseURL":"https://mr-o-delivery-84f4e.firebaseio.com"} {"metadata":{"emulator":{"name":"functions"},"message":"[runtime-status] [56440] initializeApp(DEFAULT) {\"credential\":{\"implicit\":true,\"refreshToken\":{\"clientId\":\"563584335869-fgrhgmd47bqnekij5i8b5pr03ho849e6.apps.googleusercontent.com\",\"clientSecret\":\"j9iVZfS8kkCEFUPaAeJV0sAi\",\"refreshToken\":\"1//03TigmiauSjdMCgYIARAAGAMSNwF-L9IrLRykqiEmy7S-7w6AUGSSlgf8bh1bkSRRrgUnvmJnTTLr3GiBQ5NUmkMxcUOmbxGzw20\",\"type\":\"authorized_user\"},\"httpClient\":{\"retry\":{\"maxRetries\":4,\"statusCodes\":[503],\"ioErrorCodes\":[\"ECONNRESET\",\"ETIMEDOUT\"],\"backOffFactor\":0.5,\"maxDelayInMillis\":60000}}},\"databaseURL\":\"https://mr-o-delivery-84f4e.firebaseio.com\"}"}}
[debug] [2020-10-08T20:05:04.857Z] [worker-~diagnostic~-67ca7db2-5210-4b17-8a7f-e03a30951cac]: IDLE {"metadata":{"emulator":{"name":"functions"},"message":"[worker-~diagnostic~-67ca7db2-5210-4b17-8a7f-e03a30951cac]: IDLE"}}
[debug] [2020-10-08T20:14:14.984Z] File /Users/mnothogumede/Documents/Personal/MR-O-Delivery/app/functions/index.js changed, reloading triggers {"metadata":{"emulator":{"name":"functions"},"message":"File /Users/mnothogumede/Documents/Personal/MR-O-Delivery/app/functions/index.js changed, reloading triggers"}}
[debug] [2020-10-08T20:14:15.084Z] File /Users/mnothogumede/Documents/Personal/MR-O-Delivery/app/functions/index.js changed, reloading triggers {"metadata":{"emulator":{"name":"functions"},"message":"File /Users/mnothogumede/Documents/Personal/MR-O-Delivery/app/functions/index.js changed, reloading triggers"}}
[debug] [2020-10-08T20:14:15.184Z] File /Users/mnothogumede/Documents/Personal/MR-O-Delivery/app/functions/index.js changed, reloading triggers {"metadata":{"emulator":{"name":"functions"},"message":"File /Users/mnothogumede/Documents/Personal/MR-O-Delivery/app/functions/index.js changed, reloading triggers"}}
[debug] [2020-10-08T20:14:16.186Z] [worker-pool] Shutting down IDLE worker (~diagnostic~) {"metadata":{"emulator":{"name":"functions"},"message":"[worker-pool] Shutting down IDLE worker (~diagnostic~)"}}
[debug] [2020-10-08T20:14:16.186Z] [worker-~diagnostic~-67ca7db2-5210-4b17-8a7f-e03a30951cac]: FINISHING {"metadata":{"emulator":{"name":"functions"},"message":"[worker-~diagnostic~-67ca7db2-5210-4b17-8a7f-e03a30951cac]: FINISHING"}}
[debug] [2020-10-08T20:14:16.190Z] [worker-pool] addWorker(~diagnostic~) {"metadata":{"emulator":{"name":"functions"},"message":"[worker-pool] addWorker(~diagnostic~)"}}
[debug] [2020-10-08T20:14:16.190Z] [worker-pool] Adding worker with key ~diagnostic~, total=2 {"metadata":{"emulator":{"name":"functions"},"message":"[worker-pool] Adding worker with key ~diagnostic~, total=2"}}
[debug] [2020-10-08T20:14:16.190Z] [worker-pool] submitWork(triggerId=) {"metadata":{"emulator":{"name":"functions"},"message":"[worker-pool] submitWork(triggerId=)"}}
[debug] [2020-10-08T20:14:16.190Z] [worker-~diagnostic~-7f173480-cd92-4c12-aa1b-629982205d26]: Assigning socketPath: /var/folders/6p/3qmw9yvj19x7vd3ctr4_xt9r0000gn/T/fire_emu_56520.sock {"metadata":{"emulator":{"name":"functions"},"message":"[worker-~diagnostic~-7f173480-cd92-4c12-aa1b-629982205d26]: Assigning socketPath: /var/folders/6p/3qmw9yvj19x7vd3ctr4_xt9r0000gn/T/fire_emu_56520.sock"}}
[debug] [2020-10-08T20:14:16.190Z] [worker-~diagnostic~-7f173480-cd92-4c12-aa1b-629982205d26]: BUSY {"metadata":{"emulator":{"name":"functions"},"message":"[worker-~diagnostic~-7f173480-cd92-4c12-aa1b-629982205d26]: BUSY"}}
[debug] [2020-10-08T20:14:16.191Z] [worker-~diagnostic~-67ca7db2-5210-4b17-8a7f-e03a30951cac]: exited {"metadata":{"emulator":{"name":"functions"},"message":"[worker-~diagnostic~-67ca7db2-5210-4b17-8a7f-e03a30951cac]: exited"}}
[debug] [2020-10-08T20:14:16.191Z] [worker-~diagnostic~-67ca7db2-5210-4b17-8a7f-e03a30951cac]: FINISHED {"metadata":{"emulator":{"name":"functions"},"message":"[worker-~diagnostic~-67ca7db2-5210-4b17-8a7f-e03a30951cac]: FINISHED"}}
[debug] [2020-10-08T20:14:16.661Z] [runtime-status] [56520] Functions runtime initialized. {"cwd":"/Users/mnothogumede/Documents/Personal/MR-O-Delivery/app/functions","node_version":"12.18.4"} {"metadata":{"emulator":{"name":"functions"},"message":"[runtime-status] [56520] Functions runtime initialized. {\"cwd\":\"/Users/mnothogumede/Documents/Personal/MR-O-Delivery/app/functions\",\"node_version\":\"12.18.4\"}"}}
[debug] [2020-10-08T20:14:16.662Z] [runtime-status] [56520] Disabled runtime features: undefined {"metadata":{"emulator":{"name":"functions"},"message":"[runtime-status] [56520] Disabled runtime features: undefined"}}
[debug] [2020-10-08T20:14:16.664Z] [runtime-status] [56520] Resolved module firebase-admin {"declared":true,"installed":true,"version":"8.13.0","resolution":"/Users/mnothogumede/Documents/Personal/MR-O-Delivery/app/functions/node_modules/firebase-admin/lib/index.js"} {"metadata":{"emulator":{"name":"functions"},"message":"[runtime-status] [56520] Resolved module firebase-admin {\"declared\":true,\"installed\":true,\"version\":\"8.13.0\",\"resolution\":\"/Users/mnothogumede/Documents/Personal/MR-O-Delivery/app/functions/node_modules/firebase-admin/lib/index.js\"}"}}
[debug] [2020-10-08T20:14:16.665Z] [runtime-status] [56520] Resolved module firebase-functions {"declared":true,"installed":true,"version":"3.11.0","resolution":"/Users/mnothogumede/Documents/Personal/MR-O-Delivery/app/functions/node_modules/firebase-functions/lib/index.js"} {"metadata":{"emulator":{"name":"functions"},"message":"[runtime-status] [56520] Resolved module firebase-functions {\"declared\":true,\"installed\":true,\"version\":\"3.11.0\",\"resolution\":\"/Users/mnothogumede/Documents/Personal/MR-O-Delivery/app/functions/node_modules/firebase-functions/lib/index.js\"}"}}
[debug] [2020-10-08T20:14:16.668Z] [runtime-status] [56520] Resolved module firebase-functions {"declared":true,"installed":true,"version":"3.11.0","resolution":"/Users/mnothogumede/Documents/Personal/MR-O-Delivery/app/functions/node_modules/firebase-functions/lib/index.js"} {"metadata":{"emulator":{"name":"functions"},"message":"[runtime-status] [56520] Resolved module firebase-functions {\"declared\":true,\"installed\":true,\"version\":\"3.11.0\",\"resolution\":\"/Users/mnothogumede/Documents/Personal/MR-O-Delivery/app/functions/node_modules/firebase-functions/lib/index.js\"}"}}
[debug] [2020-10-08T20:14:16.669Z] [runtime-status] [56520] Outgoing network have been stubbed. [{"name":"http","status":"mocked"},{"name":"http","status":"mocked"},{"name":"https","status":"mocked"},{"name":"https","status":"mocked"},{"name":"net","status":"mocked"}] {"metadata":{"emulator":{"name":"functions"},"message":"[runtime-status] [56520] Outgoing network have been stubbed. [{\"name\":\"http\",\"status\":\"mocked\"},{\"name\":\"http\",\"status\":\"mocked\"},{\"name\":\"https\",\"status\":\"mocked\"},{\"name\":\"https\",\"status\":\"mocked\"},{\"name\":\"net\",\"status\":\"mocked\"}]"}}
[debug] [2020-10-08T20:14:16.669Z] [runtime-status] [56520] Resolved module firebase-functions {"declared":true,"installed":true,"version":"3.11.0","resolution":"/Users/mnothogumede/Documents/Personal/MR-O-Delivery/app/functions/node_modules/firebase-functions/lib/index.js"} {"metadata":{"emulator":{"name":"functions"},"message":"[runtime-status] [56520] Resolved module firebase-functions {\"declared\":true,\"installed\":true,\"version\":\"3.11.0\",\"resolution\":\"/Users/mnothogumede/Documents/Personal/MR-O-Delivery/app/functions/node_modules/firebase-functions/lib/index.js\"}"}}
[debug] [2020-10-08T20:14:16.714Z] [runtime-status] [56520] Checked functions.config() {"config":{}} {"metadata":{"emulator":{"name":"functions"},"message":"[runtime-status] [56520] Checked functions.config() {\"config\":{}}"}}
[debug] [2020-10-08T20:14:16.714Z] [runtime-status] [56520] firebase-functions has been stubbed. {"functionsResolution":{"declared":true,"installed":true,"version":"3.11.0","resolution":"/Users/mnothogumede/Documents/Personal/MR-O-Delivery/app/functions/node_modules/firebase-functions/lib/index.js"}} {"metadata":{"emulator":{"name":"functions"},"message":"[runtime-status] [56520] firebase-functions has been stubbed. {\"functionsResolution\":{\"declared\":true,\"installed\":true,\"version\":\"3.11.0\",\"resolution\":\"/Users/mnothogumede/Documents/Personal/MR-O-Delivery/app/functions/node_modules/firebase-functions/lib/index.js\"}}"}}
[debug] [2020-10-08T20:14:16.714Z] [runtime-status] [56520] Resolved module firebase-functions {"declared":true,"installed":true,"version":"3.11.0","resolution":"/Users/mnothogumede/Documents/Personal/MR-O-Delivery/app/functions/node_modules/firebase-functions/lib/index.js"} {"metadata":{"emulator":{"name":"functions"},"message":"[runtime-status] [56520] Resolved module firebase-functions {\"declared\":true,\"installed\":true,\"version\":\"3.11.0\",\"resolution\":\"/Users/mnothogumede/Documents/Personal/MR-O-Delivery/app/functions/node_modules/firebase-functions/lib/index.js\"}"}}
[debug] [2020-10-08T20:14:16.715Z] [runtime-status] [56520] Resolved module firebase-admin {"declared":true,"installed":true,"version":"8.13.0","resolution":"/Users/mnothogumede/Documents/Personal/MR-O-Delivery/app/functions/node_modules/firebase-admin/lib/index.js"} {"metadata":{"emulator":{"name":"functions"},"message":"[runtime-status] [56520] Resolved module firebase-admin {\"declared\":true,\"installed\":true,\"version\":\"8.13.0\",\"resolution\":\"/Users/mnothogumede/Documents/Personal/MR-O-Delivery/app/functions/node_modules/firebase-admin/lib/index.js\"}"}}
[debug] [2020-10-08T20:14:16.715Z] [runtime-status] [56520] Resolved module firebase-functions {"declared":true,"installed":true,"version":"3.11.0","resolution":"/Users/mnothogumede/Documents/Personal/MR-O-Delivery/app/functions/node_modules/firebase-functions/lib/index.js"} {"metadata":{"emulator":{"name":"functions"},"message":"[runtime-status] [56520] Resolved module firebase-functions {\"declared\":true,\"installed\":true,\"version\":\"3.11.0\",\"resolution\":\"/Users/mnothogumede/Documents/Personal/MR-O-Delivery/app/functions/node_modules/firebase-functions/lib/index.js\"}"}}
[debug] [2020-10-08T20:14:16.716Z] [runtime-status] [56520] firebase-admin has been stubbed. {"adminResolution":{"declared":true,"installed":true,"version":"8.13.0","resolution":"/Users/mnothogumede/Documents/Personal/MR-O-Delivery/app/functions/node_modules/firebase-admin/lib/index.js"}} {"metadata":{"emulator":{"name":"functions"},"message":"[runtime-status] [56520] firebase-admin has been stubbed. {\"adminResolution\":{\"declared\":true,\"installed\":true,\"version\":\"8.13.0\",\"resolution\":\"/Users/mnothogumede/Documents/Personal/MR-O-Delivery/app/functions/node_modules/firebase-admin/lib/index.js\"}}"}}
[debug] [2020-10-08T20:14:16.728Z] [runtime-status] [56520] initializeApp(DEFAULT) {"credential":{"implicit":true,"refreshToken":{"clientId":"563584335869-fgrhgmd47bqnekij5i8b5pr03ho849e6.apps.googleusercontent.com","clientSecret":"j9iVZfS8kkCEFUPaAeJV0sAi","refreshToken":"1//03TigmiauSjdMCgYIARAAGAMSNwF-L9IrLRykqiEmy7S-7w6AUGSSlgf8bh1bkSRRrgUnvmJnTTLr3GiBQ5NUmkMxcUOmbxGzw20","type":"authorized_user"},"httpClient":{"retry":{"maxRetries":4,"statusCodes":[503],"ioErrorCodes":["ECONNRESET","ETIMEDOUT"],"backOffFactor":0.5,"maxDelayInMillis":60000}}},"databaseURL":"https://mr-o-delivery-84f4e.firebaseio.com"} {"metadata":{"emulator":{"name":"functions"},"message":"[runtime-status] [56520] initializeApp(DEFAULT) {\"credential\":{\"implicit\":true,\"refreshToken\":{\"clientId\":\"563584335869-fgrhgmd47bqnekij5i8b5pr03ho849e6.apps.googleusercontent.com\",\"clientSecret\":\"j9iVZfS8kkCEFUPaAeJV0sAi\",\"refreshToken\":\"1//03TigmiauSjdMCgYIARAAGAMSNwF-L9IrLRykqiEmy7S-7w6AUGSSlgf8bh1bkSRRrgUnvmJnTTLr3GiBQ5NUmkMxcUOmbxGzw20\",\"type\":\"authorized_user\"},\"httpClient\":{\"retry\":{\"maxRetries\":4,\"statusCodes\":[503],\"ioErrorCodes\":[\"ECONNRESET\",\"ETIMEDOUT\"],\"backOffFactor\":0.5,\"maxDelayInMillis\":60000}}},\"databaseURL\":\"https://mr-o-delivery-84f4e.firebaseio.com\"}"}}
[debug] [2020-10-08T20:14:16.730Z] [worker-~diagnostic~-7f173480-cd92-4c12-aa1b-629982205d26]: IDLE {"metadata":{"emulator":{"name":"functions"},"message":"[worker-~diagnostic~-7f173480-cd92-4c12-aa1b-629982205d26]: IDLE"}}
[debug] [2020-10-08T20:15:45.074Z] File /Users/mnothogumede/Documents/Personal/MR-O-Delivery/app/functions/index.js changed, reloading triggers {"metadata":{"emulator":{"name":"functions"},"message":"File /Users/mnothogumede/Documents/Personal/MR-O-Delivery/app/functions/index.js changed, reloading triggers"}}
[debug] [2020-10-08T20:15:45.216Z] File /Users/mnothogumede/Documents/Personal/MR-O-Delivery/app/functions/index.js changed, reloading triggers {"metadata":{"emulator":{"name":"functions"},"message":"File /Users/mnothogumede/Documents/Personal/MR-O-Delivery/app/functions/index.js changed, reloading triggers"}}
[debug] [2020-10-08T20:15:46.217Z] [worker-pool] Shutting down IDLE worker (~diagnostic~) {"metadata":{"emulator":{"name":"functions"},"message":"[worker-pool] Shutting down IDLE worker (~diagnostic~)"}}
[debug] [2020-10-08T20:15:46.217Z] [worker-~diagnostic~-7f173480-cd92-4c12-aa1b-629982205d26]: FINISHING {"metadata":{"emulator":{"name":"functions"},"message":"[worker-~diagnostic~-7f173480-cd92-4c12-aa1b-629982205d26]: FINISHING"}}
[debug] [2020-10-08T20:15:46.217Z] [worker-pool] Cleaned up workers for ~diagnostic~: 2 --> 1 {"metadata":{"emulator":{"name":"functions"},"message":"[worker-pool] Cleaned up workers for ~diagnostic~: 2 --> 1"}}
[debug] [2020-10-08T20:15:46.221Z] [worker-pool] addWorker(~diagnostic~) {"metadata":{"emulator":{"name":"functions"},"message":"[worker-pool] addWorker(~diagnostic~)"}}
[debug] [2020-10-08T20:15:46.222Z] [worker-pool] Adding worker with key ~diagnostic~, total=2 {"metadata":{"emulator":{"name":"functions"},"message":"[worker-pool] Adding worker with key ~diagnostic~, total=2"}}
[debug] [2020-10-08T20:15:46.222Z] [worker-pool] submitWork(triggerId=) {"metadata":{"emulator":{"name":"functions"},"message":"[worker-pool] submitWork(triggerId=)"}}
[debug] [2020-10-08T20:15:46.222Z] [worker-~diagnostic~-fd413cd7-f565-4d78-a44a-330f6e3f7a5b]: Assigning socketPath: /var/folders/6p/3qmw9yvj19x7vd3ctr4_xt9r0000gn/T/fire_emu_56534.sock {"metadata":{"emulator":{"name":"functions"},"message":"[worker-~diagnostic~-fd413cd7-f565-4d78-a44a-330f6e3f7a5b]: Assigning socketPath: /var/folders/6p/3qmw9yvj19x7vd3ctr4_xt9r0000gn/T/fire_emu_56534.sock"}}
[debug] [2020-10-08T20:15:46.222Z] [worker-~diagnostic~-fd413cd7-f565-4d78-a44a-330f6e3f7a5b]: BUSY {"metadata":{"emulator":{"name":"functions"},"message":"[worker-~diagnostic~-fd413cd7-f565-4d78-a44a-330f6e3f7a5b]: BUSY"}}
[debug] [2020-10-08T20:15:46.223Z] [worker-~diagnostic~-7f173480-cd92-4c12-aa1b-629982205d26]: exited {"metadata":{"emulator":{"name":"functions"},"message":"[worker-~diagnostic~-7f173480-cd92-4c12-aa1b-629982205d26]: exited"}}
[debug] [2020-10-08T20:15:46.223Z] [worker-~diagnostic~-7f173480-cd92-4c12-aa1b-629982205d26]: FINISHED {"metadata":{"emulator":{"name":"functions"},"message":"[worker-~diagnostic~-7f173480-cd92-4c12-aa1b-629982205d26]: FINISHED"}}
[debug] [2020-10-08T20:15:46.612Z] [runtime-status] [56534] Functions runtime initialized. {"cwd":"/Users/mnothogumede/Documents/Personal/MR-O-Delivery/app/functions","node_version":"12.18.4"} {"metadata":{"emulator":{"name":"functions"},"message":"[runtime-status] [56534] Functions runtime initialized. {\"cwd\":\"/Users/mnothogumede/Documents/Personal/MR-O-Delivery/app/functions\",\"node_version\":\"12.18.4\"}"}}
[debug] [2020-10-08T20:15:46.614Z] [runtime-status] [56534] Disabled runtime features: undefined {"metadata":{"emulator":{"name":"functions"},"message":"[runtime-status] [56534] Disabled runtime features: undefined"}}
[debug] [2020-10-08T20:15:46.616Z] [runtime-status] [56534] Resolved module firebase-admin {"declared":true,"installed":true,"version":"8.13.0","resolution":"/Users/mnothogumede/Documents/Personal/MR-O-Delivery/app/functions/node_modules/firebase-admin/lib/index.js"} {"metadata":{"emulator":{"name":"functions"},"message":"[runtime-status] [56534] Resolved module firebase-admin {\"declared\":true,\"installed\":true,\"version\":\"8.13.0\",\"resolution\":\"/Users/mnothogumede/Documents/Personal/MR-O-Delivery/app/functions/node_modules/firebase-admin/lib/index.js\"}"}}
[debug] [2020-10-08T20:15:46.618Z] [runtime-status] [56534] Resolved module firebase-functions {"declared":true,"installed":true,"version":"3.11.0","resolution":"/Users/mnothogumede/Documents/Personal/MR-O-Delivery/app/functions/node_modules/firebase-functions/lib/index.js"} {"metadata":{"emulator":{"name":"functions"},"message":"[runtime-status] [56534] Resolved module firebase-functions {\"declared\":true,\"installed\":true,\"version\":\"3.11.0\",\"resolution\":\"/Users/mnothogumede/Documents/Personal/MR-O-Delivery/app/functions/node_modules/firebase-functions/lib/index.js\"}"}}
[debug] [2020-10-08T20:15:46.618Z] [runtime-status] [56534] Resolved module firebase-functions {"declared":true,"installed":true,"version":"3.11.0","resolution":"/Users/mnothogumede/Documents/Personal/MR-O-Delivery/app/functions/node_modules/firebase-functions/lib/index.js"} {"metadata":{"emulator":{"name":"functions"},"message":"[runtime-status] [56534] Resolved module firebase-functions {\"declared\":true,\"installed\":true,\"version\":\"3.11.0\",\"resolution\":\"/Users/mnothogumede/Documents/Personal/MR-O-Delivery/app/functions/node_modules/firebase-functions/lib/index.js\"}"}}
[debug] [2020-10-08T20:15:46.621Z] [runtime-status] [56534] Outgoing network have been stubbed. [{"name":"http","status":"mocked"},{"name":"http","status":"mocked"},{"name":"https","status":"mocked"},{"name":"https","status":"mocked"},{"name":"net","status":"mocked"}] {"metadata":{"emulator":{"name":"functions"},"message":"[runtime-status] [56534] Outgoing network have been stubbed. [{\"name\":\"http\",\"status\":\"mocked\"},{\"name\":\"http\",\"status\":\"mocked\"},{\"name\":\"https\",\"status\":\"mocked\"},{\"name\":\"https\",\"status\":\"mocked\"},{\"name\":\"net\",\"status\":\"mocked\"}]"}}
[debug] [2020-10-08T20:15:46.622Z] [runtime-status] [56534] Resolved module firebase-functions {"declared":true,"installed":true,"version":"3.11.0","resolution":"/Users/mnothogumede/Documents/Personal/MR-O-Delivery/app/functions/node_modules/firebase-functions/lib/index.js"} {"metadata":{"emulator":{"name":"functions"},"message":"[runtime-status] [56534] Resolved module firebase-functions {\"declared\":true,\"installed\":true,\"version\":\"3.11.0\",\"resolution\":\"/Users/mnothogumede/Documents/Personal/MR-O-Delivery/app/functions/node_modules/firebase-functions/lib/index.js\"}"}}
[debug] [2020-10-08T20:15:46.662Z] [runtime-status] [56534] Checked functions.config() {"config":{}} {"metadata":{"emulator":{"name":"functions"},"message":"[runtime-status] [56534] Checked functions.config() {\"config\":{}}"}}
[debug] [2020-10-08T20:15:46.662Z] [runtime-status] [56534] firebase-functions has been stubbed. {"functionsResolution":{"declared":true,"installed":true,"version":"3.11.0","resolution":"/Users/mnothogumede/Documents/Personal/MR-O-Delivery/app/functions/node_modules/firebase-functions/lib/index.js"}} {"metadata":{"emulator":{"name":"functions"},"message":"[runtime-status] [56534] firebase-functions has been stubbed. {\"functionsResolution\":{\"declared\":true,\"installed\":true,\"version\":\"3.11.0\",\"resolution\":\"/Users/mnothogumede/Documents/Personal/MR-O-Delivery/app/functions/node_modules/firebase-functions/lib/index.js\"}}"}}
[debug] [2020-10-08T20:15:46.662Z] [runtime-status] [56534] Resolved module firebase-functions {"declared":true,"installed":true,"version":"3.11.0","resolution":"/Users/mnothogumede/Documents/Personal/MR-O-Delivery/app/functions/node_modules/firebase-functions/lib/index.js"} {"metadata":{"emulator":{"name":"functions"},"message":"[runtime-status] [56534] Resolved module firebase-functions {\"declared\":true,\"installed\":true,\"version\":\"3.11.0\",\"resolution\":\"/Users/mnothogumede/Documents/Personal/MR-O-Delivery/app/functions/node_modules/firebase-functions/lib/index.js\"}"}}
[debug] [2020-10-08T20:15:46.663Z] [runtime-status] [56534] Resolved module firebase-admin {"declared":true,"installed":true,"version":"8.13.0","resolution":"/Users/mnothogumede/Documents/Personal/MR-O-Delivery/app/functions/node_modules/firebase-admin/lib/index.js"} {"metadata":{"emulator":{"name":"functions"},"message":"[runtime-status] [56534] Resolved module firebase-admin {\"declared\":true,\"installed\":true,\"version\":\"8.13.0\",\"resolution\":\"/Users/mnothogumede/Documents/Personal/MR-O-Delivery/app/functions/node_modules/firebase-admin/lib/index.js\"}"}}
[debug] [2020-10-08T20:15:46.663Z] [runtime-status] [56534] Resolved module firebase-functions {"declared":true,"installed":true,"version":"3.11.0","resolution":"/Users/mnothogumede/Documents/Personal/MR-O-Delivery/app/functions/node_modules/firebase-functions/lib/index.js"} {"metadata":{"emulator":{"name":"functions"},"message":"[runtime-status] [56534] Resolved module firebase-functions {\"declared\":true,\"installed\":true,\"version\":\"3.11.0\",\"resolution\":\"/Users/mnothogumede/Documents/Personal/MR-O-Delivery/app/functions/node_modules/firebase-functions/lib/index.js\"}"}}
[debug] [2020-10-08T20:15:46.664Z] [runtime-status] [56534] firebase-admin has been stubbed. {"adminResolution":{"declared":true,"installed":true,"version":"8.13.0","resolution":"/Users/mnothogumede/Documents/Personal/MR-O-Delivery/app/functions/node_modules/firebase-admin/lib/index.js"}} {"metadata":{"emulator":{"name":"functions"},"message":"[runtime-status] [56534] firebase-admin has been stubbed. {\"adminResolution\":{\"declared\":true,\"installed\":true,\"version\":\"8.13.0\",\"resolution\":\"/Users/mnothogumede/Documents/Personal/MR-O-Delivery/app/functions/node_modules/firebase-admin/lib/index.js\"}}"}}
[debug] [2020-10-08T20:15:46.672Z] [runtime-status] [56534] initializeApp(DEFAULT) {"credential":{"implicit":true,"refreshToken":{"clientId":"563584335869-fgrhgmd47bqnekij5i8b5pr03ho849e6.apps.googleusercontent.com","clientSecret":"j9iVZfS8kkCEFUPaAeJV0sAi","refreshToken":"1//03TigmiauSjdMCgYIARAAGAMSNwF-L9IrLRykqiEmy7S-7w6AUGSSlgf8bh1bkSRRrgUnvmJnTTLr3GiBQ5NUmkMxcUOmbxGzw20","type":"authorized_user"},"httpClient":{"retry":{"maxRetries":4,"statusCodes":[503],"ioErrorCodes":["ECONNRESET","ETIMEDOUT"],"backOffFactor":0.5,"maxDelayInMillis":60000}}},"databaseURL":"https://mr-o-delivery-84f4e.firebaseio.com"} {"metadata":{"emulator":{"name":"functions"},"message":"[runtime-status] [56534] initializeApp(DEFAULT) {\"credential\":{\"implicit\":true,\"refreshToken\":{\"clientId\":\"563584335869-fgrhgmd47bqnekij5i8b5pr03ho849e6.apps.googleusercontent.com\",\"clientSecret\":\"j9iVZfS8kkCEFUPaAeJV0sAi\",\"refreshToken\":\"1//03TigmiauSjdMCgYIARAAGAMSNwF-L9IrLRykqiEmy7S-7w6AUGSSlgf8bh1bkSRRrgUnvmJnTTLr3GiBQ5NUmkMxcUOmbxGzw20\",\"type\":\"authorized_user\"},\"httpClient\":{\"retry\":{\"maxRetries\":4,\"statusCodes\":[503],\"ioErrorCodes\":[\"ECONNRESET\",\"ETIMEDOUT\"],\"backOffFactor\":0.5,\"maxDelayInMillis\":60000}}},\"databaseURL\":\"https://mr-o-delivery-84f4e.firebaseio.com\"}"}}
[debug] [2020-10-08T20:15:46.674Z] [worker-~diagnostic~-fd413cd7-f565-4d78-a44a-330f6e3f7a5b]: IDLE {"metadata":{"emulator":{"name":"functions"},"message":"[worker-~diagnostic~-fd413cd7-f565-4d78-a44a-330f6e3f7a5b]: IDLE"}}
